<?xml version="1.0" encoding="UTF-8"?>
<!-- Generated by org.testng.reporters.JUnitXMLReporter -->
<testsuite ignored="0" hostname="DESKTOP-35HBDVU" failures="0" tests="6" name="Sampletest" time="0.035" errors="0" timestamp="30 Mar 2025 06:13:14 GMT">
  <testcase classname="com.app.test.TestTwo" name="test1" time="0.009"/>
  <testcase classname="com.app.test.TestTwo" name="test2" time="0.001"/>
  <testcase classname="com.app.test.TestTwo" name="test3" time="0.002"/>
  <testcase classname="com.app.test.TestOne" name="login" time="0.002"/>
  <testcase classname="com.app.test.TestOne" name="pass" time="0.001"/>
  <testcase classname="com.app.test.TestOne" name="user" time="0.0"/>
</testsuite> <!-- Sampletest -->
