<?xml version="1.0" encoding="UTF-8"?>
<!-- Generated by org.testng.reporters.JUnitXMLReporter -->
<testsuite ignored="0" hostname="DESKTOP-35HBDVU" failures="1" tests="3" name="Test" time="0.304" errors="0" timestamp="08 Apr 2025 01:42:19 GMT">
  <testcase classname="com.app.extent.TestOne" name="login" time="0.014"/>
  <testcase classname="com.app.extent.TestOne" name="pass" time="0.001"/>
  <testcase classname="com.app.extent.TestOne" name="user" time="0.005">
    <failure type="java.lang.AssertionError" message="expected [true] but found [false]">
      <![CDATA[java.lang.AssertionError: expected [true] but found [false]
	at com.app.extent.TestOne.user(TestOne.java:15)
... Removed 29 stack frames]]>
    </failure>
  </testcase> <!-- user -->
</testsuite> <!-- Test -->
